<?xml version="1.0" encoding="UTF-8"?>
<testng-results ignored="0" total="3" passed="3" failed="0" skipped="0">
  <reporter-output>
  </reporter-output>
  <suite started-at="2024-06-11T16:17:23 IST" name="Default suite" finished-at="2024-06-11T16:17:28 IST" duration-ms="4486">
    <groups>
    </groups>
    <test started-at="2024-06-11T16:17:23 IST" name="Default test" finished-at="2024-06-11T16:17:28 IST" duration-ms="4486">
      <class name="DyanamicJson">
        <test-method signature="addBook(java.lang.String, java.lang.String)[pri:0, instance:DyanamicJson@306cf3ea]" started-at="2024-06-11T16:17:23 IST" name="addBook" data-provider="Bookdata" finished-at="2024-06-11T16:17:27 IST" duration-ms="3819" status="PASS">
          <params>
            <param index="0">
              <value>
                <![CDATA[fgtrhfghth]]>
              </value>
            </param>
            <param index="1">
              <value>
                <![CDATA[432434]]>
              </value>
            </param>
          </params>
          <reporter-output>
          </reporter-output>
        </test-method> <!-- addBook -->
        <test-method signature="addBook(java.lang.String, java.lang.String)[pri:0, instance:DyanamicJson@306cf3ea]" started-at="2024-06-11T16:17:27 IST" name="addBook" data-provider="Bookdata" finished-at="2024-06-11T16:17:27 IST" duration-ms="304" status="PASS">
          <params>
            <param index="0">
              <value>
                <![CDATA[ghfgggfrv]]>
              </value>
            </param>
            <param index="1">
              <value>
                <![CDATA[232131]]>
              </value>
            </param>
          </params>
          <reporter-output>
          </reporter-output>
        </test-method> <!-- addBook -->
        <test-method signature="addBook(java.lang.String, java.lang.String)[pri:0, instance:DyanamicJson@306cf3ea]" started-at="2024-06-11T16:17:27 IST" name="addBook" data-provider="Bookdata" finished-at="2024-06-11T16:17:28 IST" duration-ms="296" status="PASS">
          <params>
            <param index="0">
              <value>
                <![CDATA[fvvvrgvdf]]>
              </value>
            </param>
            <param index="1">
              <value>
                <![CDATA[123323]]>
              </value>
            </param>
          </params>
          <reporter-output>
          </reporter-output>
        </test-method> <!-- addBook -->
      </class> <!-- DyanamicJson -->
    </test> <!-- Default test -->
  </suite> <!-- Default suite -->
</testng-results>
